<?xml version="1.0" encoding="UTF-8"?>
<!-- Generated by org.testng.reporters.JUnitXMLReporter -->
<testsuite ignored="4" hostname="DESKTOP-TOTOP7H" failures="1" tests="4" name="Test" time="213.929" errors="0" timestamp="2023-10-17T21:08:10 IST">
  <testcase classname="OrganisationTests.CreateOrganisationTest" name="createOrgTest" time="20.585"/>
  <testcase classname="ContactTests.CreateContactWithOrganisationTest" name="CreateContactWithOrgTest" time="48.017"/>
  <testcase classname="ContactTests.createContactTest" name="createContactTest" time="20.422">
    <failure type="java.lang.AssertionError" message="null">
      <![CDATA[java.lang.AssertionError: null
at ContactTests.createContactTest.createContactTest(createContactTest.java:56)
at java.base/java.util.ArrayList.forEach(ArrayList.java:1511)
... Removed 29 stack frames]]>
    </failure>
  </testcase> <!-- createContactTest -->
  <testcase classname="ContactTests.createContactTest" name="demo" time="0.002"/>
  <testcase classname="GenericUtilities.baseClass" name="@AfterSuite asConif" time="0.0">
    <ignored/>
  </testcase> <!-- @AfterSuite asConif -->
  <testcase classname="GenericUtilities.baseClass" name="@BeforeSuite bsConfig" time="0.0">
    <ignored/>
  </testcase> <!-- @BeforeSuite bsConfig -->
  <testcase classname="GenericUtilities.baseClass" name="@BeforeSuite bsConfig" time="0.0">
    <ignored/>
  </testcase> <!-- @BeforeSuite bsConfig -->
  <testcase classname="GenericUtilities.baseClass" name="@AfterSuite asConif" time="0.0">
    <ignored/>
  </testcase> <!-- @AfterSuite asConif -->
</testsuite> <!-- Test -->
