<?xml version="1.0" encoding="UTF-8"?>
<testng-results ignored="0" total="1" passed="1" failed="0" skipped="0">
  <reporter-output>
    <line>
      <![CDATA[clik on contacts]]>
    </line>
    <line>
      <![CDATA[CreatecontactLookupImg]]>
    </line>
    <line>
      <![CDATA[CreateNewContact]]>
    </line>
    <line>
      <![CDATA[HeaderText captured]]>
    </line>
    <line>
      <![CDATA[HeaderText validation]]>
    </line>
  </reporter-output>
  <suite started-at="2023-11-01T19:53:03 IST" name="Suite" finished-at="2023-11-01T19:55:52 IST" duration-ms="169734">
    <groups>
      <group name="RegressionSuite">
        <method signature="createContactTest.createContactTest()[pri:0, instance:ContactTests.createContactTest@7817fd62]" name="createContactTest" class="ContactTests.createContactTest"/>
      </group> <!-- RegressionSuite -->
      <group name="SmokeSuite">
        <method signature="createContactTest.createContactTest()[pri:0, instance:ContactTests.createContactTest@7817fd62]" name="createContactTest" class="ContactTests.createContactTest"/>
      </group> <!-- SmokeSuite -->
    </groups>
    <test started-at="2023-11-01T19:53:03 IST" name="Test" finished-at="2023-11-01T19:55:52 IST" duration-ms="169734">
      <class name="ContactTests.createContactTest">
        <test-method is-config="true" signature="bsConfig()[pri:0, instance:ContactTests.createContactTest@7817fd62]" started-at="2023-11-01T19:53:03 IST" name="bsConfig" finished-at="2023-11-01T19:53:03 IST" duration-ms="27" status="PASS">
          <reporter-output>
          </reporter-output>
        </test-method> <!-- bsConfig -->
        <test-method is-config="true" signature="bcConfig()[pri:0, instance:ContactTests.createContactTest@7817fd62]" started-at="2023-11-01T19:53:04 IST" name="bcConfig" finished-at="2023-11-01T19:54:16 IST" duration-ms="72149" status="PASS">
          <reporter-output>
          </reporter-output>
        </test-method> <!-- bcConfig -->
        <test-method is-config="true" signature="bmConfig()[pri:0, instance:ContactTests.createContactTest@7817fd62]" started-at="2023-11-01T19:54:16 IST" name="bmConfig" finished-at="2023-11-01T19:54:45 IST" duration-ms="29222" status="PASS">
          <reporter-output>
          </reporter-output>
        </test-method> <!-- bmConfig -->
        <test-method signature="createContactTest()[pri:0, instance:ContactTests.createContactTest@7817fd62]" started-at="2023-11-01T19:54:45 IST" name="createContactTest" finished-at="2023-11-01T19:55:43 IST" duration-ms="57858" status="PASS">
          <reporter-output>
            <line>
              <![CDATA[clik on contacts]]>
            </line>
            <line>
              <![CDATA[CreatecontactLookupImg]]>
            </line>
            <line>
              <![CDATA[CreateNewContact]]>
            </line>
            <line>
              <![CDATA[HeaderText captured]]>
            </line>
            <line>
              <![CDATA[HeaderText validation]]>
            </line>
          </reporter-output>
        </test-method> <!-- createContactTest -->
        <test-method is-config="true" signature="amconfig()[pri:0, instance:ContactTests.createContactTest@7817fd62]" started-at="2023-11-01T19:55:43 IST" name="amconfig" finished-at="2023-11-01T19:55:50 IST" duration-ms="7164" status="PASS">
          <reporter-output>
          </reporter-output>
        </test-method> <!-- amconfig -->
        <test-method is-config="true" signature="acConfig()[pri:0, instance:ContactTests.createContactTest@7817fd62]" started-at="2023-11-01T19:55:50 IST" name="acConfig" finished-at="2023-11-01T19:55:52 IST" duration-ms="2387" status="PASS">
          <reporter-output>
          </reporter-output>
        </test-method> <!-- acConfig -->
        <test-method is-config="true" signature="asConif()[pri:0, instance:ContactTests.createContactTest@7817fd62]" started-at="2023-11-01T19:55:53 IST" name="asConif" finished-at="2023-11-01T19:55:53 IST" duration-ms="0" status="PASS">
          <reporter-output>
          </reporter-output>
        </test-method> <!-- asConif -->
      </class> <!-- ContactTests.createContactTest -->
    </test> <!-- Test -->
  </suite> <!-- Suite -->
</testng-results>
